<?xml version="1.0" encoding="UTF-8"?>
<!-- Generated by org.testng.reporters.JUnitReportReporter -->
<testsuite hostname="INSISCILT-3353" failures="0" tests="1" name="Test" time="0.016" errors="0" timestamp="13 Aug 2021 11:22:46 GMT">
  <testcase classname="Test" name="m1" time="0.016"/>
</testsuite> <!-- Test -->
